[02:10:39] [main/INFO] (FabricLoader) Loading for game Minecraft 1.15.2
[02:10:40] [main/INFO] (Fabric|Loader) [FabricLoader] Loading 34 mods: minecraft@1.15.2, fabric-renderer-api-v1@0.2.10+f08b61330c, fabric-networking-blockentity-v0@0.2.3+e08a73050c, fabric-keybindings-v0@0.1.1+dfdb52d60c, fabricloader@0.8.2+build.194, fabric-renderer-indigo@0.2.23+9290e2ed0c, fabric-containers-v0@0.1.3+b7f9825d0c, fabric-dimensions-v1@0.3.0+2ad156310c, fabric-biomes-v1@0.1.5+3b05f68e0c, fabric-crash-report-info-v1@0.1.2+b7f9825d0c, fabric-events-interaction-v0@0.3.0+fac69e320c, wood-floor@${version}, fabric-api-base@0.1.2+b7f9825d0c, fabric-rendering-v0@1.1.0+534104900c, fabric-rendering-v1@0.1.0+534104900c, fabric-rendering-data-attachment-v1@0.1.3+b7f9825d0c, fabric-resource-loader-v0@0.1.10+06c939b30c, fabric-textures-v0@1.0.4+821cdba70c, fabric-content-registries-v0@0.1.3+b7f9825d0c, fabric-tag-extensions-v0@0.1.3+abd915800c, fabric-rendering-fluids-v1@0.1.6+12515ed90c, fabric-registry-sync-v0@0.2.6+f3d8141b0c, fabric-commands-v0@0.1.2+b7f9825d0c, fabric-blockrenderlayer-v1@1.1.4+c6a8ea890c, fabric-mining-levels-v0@0.1.1+b7f9825d0c, fabric-renderer-registries-v1@2.0.1+5a0f9a600c, fabric-events-lifecycle-v0@0.1.2+b7f9825d0c, fabric-loot-tables-v1@0.1.5+e08a73050c, fabric@0.5.1+build.294-1.15, fabric-models-v0@0.1.0+dfdb52d60c, fabric-item-groups-v0@0.1.6+ec40b2e10c, fabric-particles-v1@0.1.1+dfdb52d60c, fabric-networking-v0@0.1.7+12515ed90c, fabric-object-builders-v0@0.1.3+e4c9a9c30c
[02:10:40] [main/WARN] (Fabric|Loader) Mod `wood-floor` (${version}) does not respect SemVer - comparison support is limited.
[02:10:40] [main/INFO] (mixin) SpongePowered MIXIN Subsystem Version=0.8 Source=file:/home/chase/.gradle/caches/modules-2/files-2.1/net.fabricmc/sponge-mixin/0.8+build.18/af077ad2845a00cde186fa2c99c4dd32bd2a2766/sponge-mixin-0.8+build.18.jar Service=Knot/Fabric Env=CLIENT
[02:10:40] [main/INFO] (Fabric|MixinBootstrap) Loaded Fabric development mappings for mixin remapper!
[02:10:40] [main/INFO] (mixin) Remapping refMap fabric-networking-v0-refmap.json using remapper chain
[02:10:40] [main/INFO] (mixin) Remapping refMap fabric-networking-blockentity-v0-refmap.json using remapper chain
[02:10:40] [main/INFO] (mixin) Remapping refMap fabric-biomes-v1-refmap.json using remapper chain
[02:10:40] [main/INFO] (mixin) Remapping refMap fabric-mining-levels-v0-refmap.json using remapper chain
[02:10:40] [main/INFO] (mixin) Remapping refMap fabric-containers-v0-refmap.json using remapper chain
[02:10:40] [main/INFO] (mixin) Remapping refMap fabric-renderer-indigo-refmap.json using remapper chain
[02:10:40] [main/INFO] (mixin) Remapping refMap fabric-rendering-data-attachment-v1-refmap.json using remapper chain
[02:10:40] [main/INFO] (mixin) Remapping refMap fabric-events-interaction-v0-refmap.json using remapper chain
[02:10:40] [main/INFO] (mixin) Remapping refMap fabric-loot-tables-v1-refmap.json using remapper chain
[02:10:40] [main/INFO] (mixin) Remapping refMap fabric-dimensions-v1-refmap.json using remapper chain
[02:10:40] [main/INFO] (mixin) Remapping refMap fabric-renderer-registries-v1-refmap.json using remapper chain
[02:10:40] [main/INFO] (mixin) Remapping refMap fabric-textures-v0-refmap.json using remapper chain
[02:10:40] [main/INFO] (mixin) Remapping refMap fabric-registry-sync-v0-refmap.json using remapper chain
[02:10:40] [main/INFO] (mixin) Remapping refMap fabric-models-v0-refmap.json using remapper chain
[02:10:40] [main/INFO] (mixin) Remapping refMap fabric-keybindings-v0-refmap.json using remapper chain
[02:10:40] [main/INFO] (mixin) Remapping refMap fabric-blockrenderlayer-v1-refmap.json using remapper chain
[02:10:40] [main/INFO] (mixin) Remapping refMap fabric-renderer-api-v1-refmap.json using remapper chain
[02:10:40] [main/INFO] (mixin) Remapping refMap fabric-containers-v0-refmap.json using remapper chain
[02:10:40] [main/INFO] (mixin) Remapping refMap fabric-events-lifecycle-v0-refmap.json using remapper chain
[02:10:40] [main/INFO] (mixin) Remapping refMap fabric-rendering-fluids-v1-refmap.json using remapper chain
[02:10:40] [main/INFO] (mixin) Remapping refMap fabric-resource-loader-v0-refmap.json using remapper chain
[02:10:40] [main/INFO] (mixin) Remapping refMap fabric-particles-v1-refmap.json using remapper chain
[02:10:40] [main/INFO] (mixin) Remapping refMap fabric-object-builders-refmap.json using remapper chain
[02:10:40] [main/INFO] (mixin) Remapping refMap fabric-tag-extensions-v0-refmap.json using remapper chain
[02:10:41] [main/INFO] (mixin) Remapping refMap fabric-rendering-v1-refmap.json using remapper chain
[02:10:41] [main/INFO] (mixin) Remapping refMap fabric-item-groups-v0-refmap.json using remapper chain
[02:10:41] [main/INFO] (mixin) Remapping refMap fabric-content-registries-v0-refmap.json using remapper chain
[02:10:41] [main/INFO] (mixin) Remapping refMap fabric-crash-report-info-v1-refmap.json using remapper chain
[02:10:41] [main/INFO] (mixin) Remapping refMap fabric-commands-v0-refmap.json using remapper chain
[02:10:41] [main/INFO] (mixin) Remapping refMap fabric-renderer-api-v1-refmap.json using remapper chain
[02:10:42] [main/INFO] (Minecraft) Setting user: Player735
[02:10:48] [main/INFO] (Minecraft) [STDOUT]: Loaded wood-floor
[02:10:48] [main/INFO] (Indigo) [Indigo] Registering Indigo renderer!
[02:10:49] [main/INFO] (Minecraft) Backend library: LWJGL version 3.2.2 build 10
[02:10:54] [main/INFO] (Minecraft) Narrator library successfully loaded
[02:10:54] [main/INFO] (Minecraft) Reloading ResourceManager: Default, Fabric Renderer API (v1), Fabric Networking Block Entity (v0), Fabric Key Bindings (v0), Fabric Renderer - Indigo, Fabric Containers (v0), Fabric Biomes (v1), Fabric Crash Report Info (v1), Fabric Events Interaction (v0), wood-floor, Fabric API Base, Fabric Rendering (v0), Fabric Rendering (v1), Fabric Rendering Data Attachment (v1), Fabric Resource Loader (v0), Fabric Textures (v0), Fabric Content Registries (v0), Fabric Tag Extensions (v0), Fabric Rendering Fluids (v1), Fabric Registry Sync (v0), Fabric Commands (v0), Fabric BlockRenderLayer Registration (v1), Fabric Mining Levels (v0), Fabric Renderer Registries (v1), Fabric Events Lifecycle (v0), Fabric Loot Tables (v1), Fabric API, Fabric Models (v0), Fabric Item Groups (v0), Fabric Networking (v0), Fabric Object Builders (v0)
[02:10:56] [Realms Notification Availability checker #1/INFO] (Minecraft) Could not authorize you against Realms server: Invalid session id
[02:11:17] [main/INFO] (Minecraft) OpenAL initialized.
[02:11:17] [main/INFO] (Minecraft) Sound engine started
[02:11:17] [main/INFO] (Minecraft) Created: 1024x1024x4 minecraft:textures/atlas/blocks.png-atlas
[02:11:17] [main/INFO] (Minecraft) Created: 256x128x4 minecraft:textures/atlas/signs.png-atlas
[02:11:17] [main/INFO] (Minecraft) Created: 1024x512x4 minecraft:textures/atlas/banner_patterns.png-atlas
[02:11:17] [main/INFO] (Minecraft) Created: 1024x512x4 minecraft:textures/atlas/shield_patterns.png-atlas
[02:11:17] [main/INFO] (Minecraft) Created: 256x256x4 minecraft:textures/atlas/chest.png-atlas
[02:11:17] [main/INFO] (Minecraft) Created: 512x256x4 minecraft:textures/atlas/beds.png-atlas
[02:11:17] [main/INFO] (Minecraft) Created: 512x256x4 minecraft:textures/atlas/shulker_boxes.png-atlas
[02:11:18] [main/INFO] (Minecraft) Created: 256x256x0 minecraft:textures/atlas/particles.png-atlas
[02:11:18] [main/INFO] (Minecraft) Created: 256x256x0 minecraft:textures/atlas/paintings.png-atlas
[02:11:18] [main/INFO] (Minecraft) Created: 256x128x0 minecraft:textures/atlas/mob_effects.png-atlas
[02:11:26] [main/INFO] (Minecraft) [fabric-registry-sync] Loaded registry data [file 1/4]
[02:11:26] [main/WARN] (Minecraft) Ambiguity between arguments [teleport, destination] and [teleport, targets] with inputs: [Player, 0123, @e, dd12be42-52a9-4a91-a8a1-11c01849e498]
[02:11:26] [main/WARN] (Minecraft) Ambiguity between arguments [teleport, location] and [teleport, destination] with inputs: [0.1 -0.5 .9, 0 0 0]
[02:11:26] [main/WARN] (Minecraft) Ambiguity between arguments [teleport, location] and [teleport, targets] with inputs: [0.1 -0.5 .9, 0 0 0]
[02:11:26] [main/WARN] (Minecraft) Ambiguity between arguments [teleport, targets] and [teleport, destination] with inputs: [Player, 0123, dd12be42-52a9-4a91-a8a1-11c01849e498]
[02:11:26] [main/WARN] (Minecraft) Ambiguity between arguments [teleport, targets, location] and [teleport, targets, destination] with inputs: [0.1 -0.5 .9, 0 0 0]
[02:11:26] [Server thread/INFO] (Minecraft) Starting integrated minecraft server version 1.15.2
[02:11:26] [Server thread/INFO] (Minecraft) Generating keypair
[02:11:27] [Server thread/INFO] (Minecraft) [fabric-registry-sync] Loaded registry data [file 1/4]
[02:11:27] [Server thread/INFO] (Minecraft) Reloading ResourceManager: Default, Fabric Mining Levels (v0), wood-floor
[02:11:29] [Server thread/INFO] (Minecraft) Loaded 6 recipes
[02:11:29] [Server thread/INFO] (Minecraft) Loaded 826 advancements
[02:11:30] [Server thread/INFO] (Minecraft) Preparing start region for dimension minecraft:overworld
[02:11:32] [main/INFO] (Minecraft) Preparing spawn area: 0%
[02:11:32] [main/INFO] (Minecraft) Preparing spawn area: 0%
[02:11:32] [main/INFO] (Minecraft) Preparing spawn area: 0%
[02:11:32] [main/INFO] (Minecraft) Preparing spawn area: 0%
[02:11:32] [main/INFO] (Minecraft) Preparing spawn area: 0%
[02:11:32] [main/INFO] (Minecraft) Preparing spawn area: 0%
[02:11:33] [main/INFO] (Minecraft) Preparing spawn area: 0%
[02:11:33] [main/INFO] (Minecraft) Preparing spawn area: 83%
[02:11:34] [main/INFO] (Minecraft) Time elapsed: 4058 ms
[02:11:34] [Server thread/INFO] (Minecraft) Changing view distance to 11, from 10
[02:11:36] [Server thread/INFO] (Minecraft) Player735[local:E:9f708aea] logged in with entity id 357 at (32.25651200484173, 63.0, -7.915829058852404)
[02:11:36] [Server thread/INFO] (Minecraft) Player735 joined the game
[02:11:36] [Server thread/INFO] (Minecraft) Saving and pausing game...
[02:11:36] [Server thread/INFO] (Minecraft) Saving chunks for level 'New World'/minecraft:overworld
[02:11:38] [Server thread/INFO] (Minecraft) Saving chunks for level 'New World'/minecraft:the_nether
[02:11:38] [Server thread/INFO] (Minecraft) Saving chunks for level 'New World'/minecraft:the_end
[02:11:38] [Server thread/WARN] (Minecraft) Can't keep up! Is the server overloaded? Running 3502ms or 70 ticks behind
[02:11:39] [main/INFO] (Minecraft) Loaded 19 advancements
[02:13:25] [main/INFO] (Minecraft) Loaded 25 advancements
[02:13:46] [Server thread/INFO] (Minecraft) Saving and pausing game...
[02:13:46] [Server thread/INFO] (Minecraft) Saving chunks for level 'New World'/minecraft:overworld
[02:13:47] [Server thread/INFO] (Minecraft) Saving chunks for level 'New World'/minecraft:the_nether
[02:13:47] [Server thread/INFO] (Minecraft) Saving chunks for level 'New World'/minecraft:the_end
[02:13:54] [main/INFO] (Minecraft) [CHAT] Saved screenshot as 2020-05-11_02.13.52.png
[02:13:56] [Server thread/INFO] (Minecraft) Saving and pausing game...
[02:13:56] [Server thread/INFO] (Minecraft) Saving chunks for level 'New World'/minecraft:overworld
[02:13:57] [Server thread/INFO] (Minecraft) Saving chunks for level 'New World'/minecraft:the_nether
[02:13:57] [Server thread/INFO] (Minecraft) Saving chunks for level 'New World'/minecraft:the_end
[02:14:13] [main/INFO] (Minecraft) Loaded 26 advancements
[02:14:56] [main/WARN] (Minecraft) Unable to play empty soundEvent: minecraft:entity.cod.ambient
[02:15:02] [Server thread/INFO] (Minecraft) Saving and pausing game...
[02:15:02] [Server thread/INFO] (Minecraft) Saving chunks for level 'New World'/minecraft:overworld
[02:15:02] [Server thread/INFO] (Minecraft) Saving chunks for level 'New World'/minecraft:the_nether
[02:15:02] [Server thread/INFO] (Minecraft) Saving chunks for level 'New World'/minecraft:the_end
[02:15:05] [main/INFO] (Minecraft) [CHAT] Saved screenshot as 2020-05-11_02.15.04.png
[02:15:06] [Server thread/INFO] (Minecraft) Saving and pausing game...
[02:15:06] [Server thread/INFO] (Minecraft) Saving chunks for level 'New World'/minecraft:overworld
[02:15:06] [Server thread/INFO] (Minecraft) Saving chunks for level 'New World'/minecraft:the_nether
[02:15:06] [Server thread/INFO] (Minecraft) Saving chunks for level 'New World'/minecraft:the_end
[02:15:07] [Server thread/INFO] (Minecraft) Player735 lost connection: Disconnected
[02:15:07] [Server thread/INFO] (Minecraft) Player735 left the game
[02:15:07] [Server thread/INFO] (Minecraft) Stopping singleplayer server as player logged out
[02:15:07] [Server thread/INFO] (Minecraft) Stopping server
[02:15:07] [Server thread/INFO] (Minecraft) Saving players
[02:15:07] [Server thread/INFO] (Minecraft) Saving worlds
[02:15:07] [Server thread/INFO] (Minecraft) Saving chunks for level 'New World'/minecraft:overworld
[02:15:07] [Server thread/INFO] (Minecraft) ThreadedAnvilChunkStorage (New World): All chunks are saved
[02:15:07] [Server thread/INFO] (Minecraft) Saving chunks for level 'New World'/minecraft:the_nether
[02:15:07] [Server thread/INFO] (Minecraft) ThreadedAnvilChunkStorage (DIM-1): All chunks are saved
[02:15:07] [Server thread/INFO] (Minecraft) Saving chunks for level 'New World'/minecraft:the_end
[02:15:07] [Server thread/INFO] (Minecraft) ThreadedAnvilChunkStorage (DIM1): All chunks are saved
[02:15:07] [Server thread/INFO] (Minecraft) ThreadedAnvilChunkStorage (New World): All chunks are saved
[02:15:08] [Server thread/INFO] (Minecraft) ThreadedAnvilChunkStorage (DIM-1): All chunks are saved
[02:15:08] [Server thread/INFO] (Minecraft) ThreadedAnvilChunkStorage (DIM1): All chunks are saved
[02:15:11] [main/INFO] (Minecraft) Stopping!
